# JRE version: OpenJDK Runtime Environment (11.0.11+9) (build 11.0.11+9-b60-7590822)
# Java VM: OpenJDK 64-Bit Server VM (11.0.11+9-b60-7590822, mixed mode, tiered, compressed oops, g1 gc, windows-amd64)
Heap:
 garbage-first heap   total 326656K, used 208212K [0x00000000a0000000, 0x0000000100000000)
  region size 1024K, 87 young (89088K), 2 survivors (2048K)
 Metaspace       used 132006K, capacity 136167K, committed 144760K, reserved 1175552K
  class space    used 15421K, capacity 16766K, committed 18048K, reserved 1048576K
GC Heap History (20 events):
Event: 11803.157 GC heap before
{Heap before GC invocations=411 (full 0):
 garbage-first heap   total 326656K, used 164721K [0x00000000a0000000, 0x0000000100000000)
  region size 1024K, 15 young (15360K), 1 survivors (1024K)
 Metaspace       used 131653K, capacity 135745K, committed 144760K, reserved 1175552K
  class space    used 15375K, capacity 16712K, committed 18048K, reserved 1048576K
}
Event: 11803.164 GC heap after
{Heap after GC invocations=412 (full 0):
 garbage-first heap   total 326656K, used 152129K [0x00000000a0000000, 0x0000000100000000)
  region size 1024K, 2 young (2048K), 2 survivors (2048K)
 Metaspace       used 131653K, capacity 135745K, committed 144760K, reserved 1175552K
  class space    used 15375K, capacity 16712K, committed 18048K, reserved 1048576K
}
Event: 11803.196 GC heap before
{Heap before GC invocations=412 (full 0):
 garbage-first heap   total 326656K, used 164417K [0x00000000a0000000, 0x0000000100000000)
  region size 1024K, 15 young (15360K), 2 survivors (2048K)
 Metaspace       used 131654K, capacity 135745K, committed 144760K, reserved 1175552K
  class space    used 15375K, capacity 16712K, committed 18048K, reserved 1048576K
}
Event: 11803.198 GC heap after
{Heap after GC invocations=413 (full 0):
 garbage-first heap   total 326656K, used 154221K [0x00000000a0000000, 0x0000000100000000)
  region size 1024K, 2 young (2048K), 2 survivors (2048K)
 Metaspace       used 131654K, capacity 135745K, committed 144760K, reserved 1175552K
  class space    used 15375K, capacity 16712K, committed 18048K, reserved 1048576K
}
Event: 11803.396 GC heap before
{Heap before GC invocations=414 (full 0):
 garbage-first heap   total 326656K, used 193133K [0x00000000a0000000, 0x0000000100000000)
  region size 1024K, 64 young (65536K), 2 survivors (2048K)
 Metaspace       used 131658K, capacity 135739K, committed 144760K, reserved 1175552K
  class space    used 15374K, capacity 16711K, committed 18048K, reserved 1048576K
}
Event: 11803.399 GC heap after
{Heap after GC invocations=415 (full 0):
 garbage-first heap   total 326656K, used 123735K [0x00000000a0000000, 0x0000000100000000)
  region size 1024K, 5 young (5120K), 5 survivors (5120K)
 Metaspace       used 131658K, capacity 135739K, committed 144760K, reserved 1175552K
  class space    used 15374K, capacity 16711K, committed 18048K, reserved 1048576K
}
Event: 11803.426 GC heap before
{Heap before GC invocations=415 (full 0):
 garbage-first heap   total 326656K, used 132951K [0x00000000a0000000, 0x0000000100000000)
  region size 1024K, 15 young (15360K), 5 survivors (5120K)
 Metaspace       used 131659K, capacity 135739K, committed 144760K, reserved 1175552K
  class space    used 15374K, capacity 16711K, committed 18048K, reserved 1048576K
}
Event: 11803.429 GC heap after
{Heap after GC invocations=416 (full 0):
 garbage-first heap   total 326656K, used 115594K [0x00000000a0000000, 0x0000000100000000)
  region size 1024K, 1 young (1024K), 1 survivors (1024K)
 Metaspace       used 131659K, capacity 135739K, committed 144760K, reserved 1175552K
  class space    used 15374K, capacity 16711K, committed 18048K, reserved 1048576K
}
Event: 11803.984 GC heap before
{Heap before GC invocations=416 (full 0):
 garbage-first heap   total 326656K, used 128906K [0x00000000a0000000, 0x0000000100000000)
  region size 1024K, 15 young (15360K), 1 survivors (1024K)
 Metaspace       used 131868K, capacity 135941K, committed 144760K, reserved 1175552K
  class space    used 15406K, capacity 16750K, committed 18048K, reserved 1048576K
}
Event: 11803.987 GC heap after
{Heap after GC invocations=417 (full 0):
 garbage-first heap   total 326656K, used 113769K [0x00000000a0000000, 0x0000000100000000)
  region size 1024K, 1 young (1024K), 1 survivors (1024K)
 Metaspace       used 131868K, capacity 135941K, committed 144760K, reserved 1175552K
  class space    used 15406K, capacity 16750K, committed 18048K, reserved 1048576K
}
Event: 11830.540 GC heap before
{Heap before GC invocations=417 (full 0):
 garbage-first heap   total 326656K, used 127081K [0x00000000a0000000, 0x0000000100000000)
  region size 1024K, 15 young (15360K), 1 survivors (1024K)
 Metaspace       used 131942K, capacity 136025K, committed 144760K, reserved 1175552K
  class space    used 15416K, capacity 16764K, committed 18048K, reserved 1048576K
}
Event: 11830.545 GC heap after
{Heap after GC invocations=418 (full 0):
 garbage-first heap   total 326656K, used 115060K [0x00000000a0000000, 0x0000000100000000)
  region size 1024K, 2 young (2048K), 2 survivors (2048K)
 Metaspace       used 131942K, capacity 136025K, committed 144760K, reserved 1175552K
  class space    used 15416K, capacity 16764K, committed 18048K, reserved 1048576K
}
Event: 12046.675 GC heap before
{Heap before GC invocations=419 (full 0):
 garbage-first heap   total 326656K, used 199028K [0x00000000a0000000, 0x0000000100000000)
  region size 1024K, 85 young (87040K), 2 survivors (2048K)
 Metaspace       used 131975K, capacity 136158K, committed 144760K, reserved 1175552K
  class space    used 15420K, capacity 16764K, committed 18048K, reserved 1048576K
}
Event: 12046.678 GC heap after
{Heap after GC invocations=420 (full 0):
 garbage-first heap   total 326656K, used 115791K [0x00000000a0000000, 0x0000000100000000)
  region size 1024K, 3 young (3072K), 3 survivors (3072K)
 Metaspace       used 131975K, capacity 136158K, committed 144760K, reserved 1175552K
  class space    used 15420K, capacity 16764K, committed 18048K, reserved 1048576K
}
Event: 12046.708 GC heap before
{Heap before GC invocations=420 (full 0):
 garbage-first heap   total 326656K, used 127055K [0x00000000a0000000, 0x0000000100000000)
  region size 1024K, 15 young (15360K), 3 survivors (3072K)
 Metaspace       used 131977K, capacity 136158K, committed 144760K, reserved 1175552K
  class space    used 15420K, capacity 16764K, committed 18048K, reserved 1048576K
}
Event: 12046.713 GC heap after
{Heap after GC invocations=421 (full 0):
 garbage-first heap   total 326656K, used 111436K [0x00000000a0000000, 0x0000000100000000)
  region size 1024K, 2 young (2048K), 2 survivors (2048K)
 Metaspace       used 131977K, capacity 136158K, committed 144760K, reserved 1175552K
  class space    used 15420K, capacity 16764K, committed 18048K, reserved 1048576K
}
Event: 12046.728 GC heap before
{Heap before GC invocations=421 (full 0):
 garbage-first heap   total 326656K, used 123724K [0x00000000a0000000, 0x0000000100000000)
  region size 1024K, 15 young (15360K), 2 survivors (2048K)
 Metaspace       used 131977K, capacity 136158K, committed 144760K, reserved 1175552K
  class space    used 15420K, capacity 16764K, committed 18048K, reserved 1048576K
}
Event: 12046.732 GC heap after
{Heap after GC invocations=422 (full 0):
 garbage-first heap   total 326656K, used 111581K [0x00000000a0000000, 0x0000000100000000)
  region size 1024K, 1 young (1024K), 1 survivors (1024K)
 Metaspace       used 131977K, capacity 136158K, committed 144760K, reserved 1175552K
  class space    used 15420K, capacity 16764K, committed 18048K, reserved 1048576K
}
Event: 12046.777 GC heap before
{Heap before GC invocations=422 (full 0):
 garbage-first heap   total 326656K, used 126941K [0x00000000a0000000, 0x0000000100000000)
  region size 1024K, 18 young (18432K), 1 survivors (1024K)
 Metaspace       used 131977K, capacity 136158K, committed 144760K, reserved 1175552K
  class space    used 15420K, capacity 16764K, committed 18048K, reserved 1048576K
}
Event: 12046.780 GC heap after
{Heap after GC invocations=423 (full 0):
 garbage-first heap   total 326656K, used 111956K [0x00000000a0000000, 0x0000000100000000)
  region size 1024K, 2 young (2048K), 2 survivors (2048K)
 Metaspace       used 131977K, capacity 136158K, committed 144760K, reserved 1175552K
  class space    used 15420K, capacity 16764K, committed 18048K, reserved 1048576K
}

