# JRE version: OpenJDK Runtime Environment (11.0.11+9) (build 11.0.11+9-b60-7590822)
# Java VM: OpenJDK 64-Bit Server VM (11.0.11+9-b60-7590822, mixed mode, tiered, compressed oops, g1 gc, windows-amd64)
Heap:
 garbage-first heap   total 262144K, used 141224K [0x00000000a0000000, 0x0000000100000000)
  region size 1024K, 24 young (24576K), 11 survivors (11264K)
 Metaspace       used 104615K, capacity 107443K, committed 107648K, reserved 1142784K
  class space    used 13010K, capacity 13952K, committed 13952K, reserved 1048576K
GC Heap History (20 events):
Event: 6.511 GC heap before
{Heap before GC invocations=14 (full 0):
 garbage-first heap   total 262144K, used 146406K [0x00000000a0000000, 0x0000000100000000)
  region size 1024K, 47 young (48128K), 14 survivors (14336K)
 Metaspace       used 82960K, capacity 85221K, committed 85376K, reserved 1122304K
  class space    used 10877K, capacity 11613K, committed 11648K, reserved 1048576K
}
Event: 6.534 GC heap after
{Heap after GC invocations=15 (full 0):
 garbage-first heap   total 262144K, used 121852K [0x00000000a0000000, 0x0000000100000000)
  region size 1024K, 6 young (6144K), 6 survivors (6144K)
 Metaspace       used 82960K, capacity 85221K, committed 85376K, reserved 1122304K
  class space    used 10877K, capacity 11613K, committed 11648K, reserved 1048576K
}
Event: 6.665 GC heap before
{Heap before GC invocations=15 (full 0):
 garbage-first heap   total 262144K, used 151548K [0x00000000a0000000, 0x0000000100000000)
  region size 1024K, 36 young (36864K), 6 survivors (6144K)
 Metaspace       used 83156K, capacity 85404K, committed 85760K, reserved 1124352K
  class space    used 10900K, capacity 11651K, committed 11776K, reserved 1048576K
}
Event: 6.672 GC heap after
{Heap after GC invocations=16 (full 0):
 garbage-first heap   total 262144K, used 125964K [0x00000000a0000000, 0x0000000100000000)
  region size 1024K, 4 young (4096K), 4 survivors (4096K)
 Metaspace       used 83156K, capacity 85404K, committed 85760K, reserved 1124352K
  class space    used 10900K, capacity 11651K, committed 11776K, reserved 1048576K
}
Event: 182.510 GC heap before
{Heap before GC invocations=17 (full 0):
 garbage-first heap   total 262144K, used 189452K [0x00000000a0000000, 0x0000000100000000)
  region size 1024K, 62 young (63488K), 4 survivors (4096K)
 Metaspace       used 87390K, capacity 89563K, committed 89856K, reserved 1126400K
  class space    used 11163K, capacity 11830K, committed 12032K, reserved 1048576K
}
Event: 182.513 GC heap after
{Heap after GC invocations=18 (full 0):
 garbage-first heap   total 262144K, used 129933K [0x00000000a0000000, 0x0000000100000000)
  region size 1024K, 8 young (8192K), 8 survivors (8192K)
 Metaspace       used 87390K, capacity 89563K, committed 89856K, reserved 1126400K
  class space    used 11163K, capacity 11830K, committed 12032K, reserved 1048576K
}
Event: 182.810 GC heap before
{Heap before GC invocations=18 (full 0):
 garbage-first heap   total 262144K, used 166797K [0x00000000a0000000, 0x0000000100000000)
  region size 1024K, 45 young (46080K), 8 survivors (8192K)
 Metaspace       used 89300K, capacity 91608K, committed 91904K, reserved 1128448K
  class space    used 11399K, capacity 12120K, committed 12288K, reserved 1048576K
}
Event: 182.820 GC heap after
{Heap after GC invocations=19 (full 0):
 garbage-first heap   total 262144K, used 133700K [0x00000000a0000000, 0x0000000100000000)
  region size 1024K, 8 young (8192K), 8 survivors (8192K)
 Metaspace       used 89300K, capacity 91608K, committed 91904K, reserved 1128448K
  class space    used 11399K, capacity 12120K, committed 12288K, reserved 1048576K
}
Event: 183.072 GC heap before
{Heap before GC invocations=20 (full 0):
 garbage-first heap   total 262144K, used 166468K [0x00000000a0000000, 0x0000000100000000)
  region size 1024K, 43 young (44032K), 8 survivors (8192K)
 Metaspace       used 91571K, capacity 93999K, committed 94208K, reserved 1130496K
  class space    used 11653K, capacity 12379K, committed 12544K, reserved 1048576K
}
Event: 183.087 GC heap after
{Heap after GC invocations=21 (full 0):
 garbage-first heap   total 262144K, used 138273K [0x00000000a0000000, 0x0000000100000000)
  region size 1024K, 9 young (9216K), 9 survivors (9216K)
 Metaspace       used 91571K, capacity 93999K, committed 94208K, reserved 1130496K
  class space    used 11653K, capacity 12379K, committed 12544K, reserved 1048576K
}
Event: 183.555 GC heap before
{Heap before GC invocations=22 (full 0):
 garbage-first heap   total 262144K, used 175137K [0x00000000a0000000, 0x0000000100000000)
  region size 1024K, 65 young (66560K), 9 survivors (9216K)
 Metaspace       used 96024K, capacity 98496K, committed 98688K, reserved 1134592K
  class space    used 12087K, capacity 12825K, committed 12928K, reserved 1048576K
}
Event: 183.562 GC heap after
{Heap after GC invocations=23 (full 0):
 garbage-first heap   total 262144K, used 120388K [0x00000000a0000000, 0x0000000100000000)
  region size 1024K, 4 young (4096K), 4 survivors (4096K)
 Metaspace       used 96024K, capacity 98496K, committed 98688K, reserved 1134592K
  class space    used 12087K, capacity 12825K, committed 12928K, reserved 1048576K
}
Event: 183.614 GC heap before
{Heap before GC invocations=23 (full 0):
 garbage-first heap   total 262144K, used 128580K [0x00000000a0000000, 0x0000000100000000)
  region size 1024K, 12 young (12288K), 4 survivors (4096K)
 Metaspace       used 96161K, capacity 98711K, committed 98944K, reserved 1134592K
  class space    used 12090K, capacity 12830K, committed 12928K, reserved 1048576K
}
Event: 183.618 GC heap after
{Heap after GC invocations=24 (full 0):
 garbage-first heap   total 262144K, used 106646K [0x00000000a0000000, 0x0000000100000000)
  region size 1024K, 1 young (1024K), 1 survivors (1024K)
 Metaspace       used 96161K, capacity 98711K, committed 98944K, reserved 1134592K
  class space    used 12090K, capacity 12830K, committed 12928K, reserved 1048576K
}
Event: 199.269 GC heap before
{Heap before GC invocations=24 (full 0):
 garbage-first heap   total 262144K, used 179350K [0x00000000a0000000, 0x0000000100000000)
  region size 1024K, 72 young (73728K), 1 survivors (1024K)
 Metaspace       used 99480K, capacity 102210K, committed 102272K, reserved 1138688K
  class space    used 12526K, capacity 13402K, committed 13440K, reserved 1048576K
}
Event: 199.273 GC heap after
{Heap after GC invocations=25 (full 0):
 garbage-first heap   total 262144K, used 111001K [0x00000000a0000000, 0x0000000100000000)
  region size 1024K, 6 young (6144K), 6 survivors (6144K)
 Metaspace       used 99480K, capacity 102210K, committed 102272K, reserved 1138688K
  class space    used 12526K, capacity 13402K, committed 13440K, reserved 1048576K
}
Event: 199.966 GC heap before
{Heap before GC invocations=25 (full 0):
 garbage-first heap   total 262144K, used 184729K [0x00000000a0000000, 0x0000000100000000)
  region size 1024K, 79 young (80896K), 6 survivors (6144K)
 Metaspace       used 100763K, capacity 103416K, committed 103680K, reserved 1138688K
  class space    used 12628K, capacity 13517K, committed 13568K, reserved 1048576K
}
Event: 199.972 GC heap after
{Heap after GC invocations=26 (full 0):
 garbage-first heap   total 262144K, used 119494K [0x00000000a0000000, 0x0000000100000000)
  region size 1024K, 10 young (10240K), 10 survivors (10240K)
 Metaspace       used 100763K, capacity 103416K, committed 103680K, reserved 1138688K
  class space    used 12628K, capacity 13517K, committed 13568K, reserved 1048576K
}
Event: 200.447 GC heap before
{Heap before GC invocations=26 (full 0):
 garbage-first heap   total 262144K, used 201414K [0x00000000a0000000, 0x0000000100000000)
  region size 1024K, 82 young (83968K), 10 survivors (10240K)
 Metaspace       used 104218K, capacity 107041K, committed 107136K, reserved 1142784K
  class space    used 12958K, capacity 13884K, committed 13952K, reserved 1048576K
}
Event: 200.454 GC heap after
{Heap after GC invocations=27 (full 0):
 garbage-first heap   total 262144K, used 128936K [0x00000000a0000000, 0x0000000100000000)
  region size 1024K, 11 young (11264K), 11 survivors (11264K)
 Metaspace       used 104218K, capacity 107041K, committed 107136K, reserved 1142784K
  class space    used 12958K, capacity 13884K, committed 13952K, reserved 1048576K
}

