# JRE version: OpenJDK Runtime Environment (11.0.11+9) (build 11.0.11+9-b60-7590822)
# Java VM: OpenJDK 64-Bit Server VM (11.0.11+9-b60-7590822, mixed mode, tiered, compressed oops, g1 gc, windows-amd64)
Heap:
 garbage-first heap   total 262144K, used 111369K [0x00000000a0000000, 0x0000000100000000)
  region size 1024K, 79 young (80896K), 13 survivors (13312K)
 Metaspace       used 52038K, capacity 53070K, committed 53376K, reserved 1095680K
  class space    used 6599K, capacity 6919K, committed 7040K, reserved 1048576K
GC Heap History (10 events):
Event: 0.457 GC heap before
{Heap before GC invocations=0 (full 0):
 garbage-first heap   total 262144K, used 28672K [0x00000000a0000000, 0x0000000100000000)
  region size 1024K, 24 young (24576K), 0 survivors (0K)
 Metaspace       used 10728K, capacity 10989K, committed 11264K, reserved 1058816K
  class space    used 1132K, capacity 1196K, committed 1280K, reserved 1048576K
}
Event: 0.460 GC heap after
{Heap after GC invocations=1 (full 0):
 garbage-first heap   total 262144K, used 7558K [0x00000000a0000000, 0x0000000100000000)
  region size 1024K, 3 young (3072K), 3 survivors (3072K)
 Metaspace       used 10728K, capacity 10989K, committed 11264K, reserved 1058816K
  class space    used 1132K, capacity 1196K, committed 1280K, reserved 1048576K
}
Event: 1.224 GC heap before
{Heap before GC invocations=1 (full 0):
 garbage-first heap   total 262144K, used 80262K [0x00000000a0000000, 0x0000000100000000)
  region size 1024K, 76 young (77824K), 3 survivors (3072K)
 Metaspace       used 20717K, capacity 21133K, committed 21248K, reserved 1067008K
  class space    used 2611K, capacity 2754K, committed 2816K, reserved 1048576K
}
Event: 1.231 GC heap after
{Heap after GC invocations=2 (full 0):
 garbage-first heap   total 262144K, used 15325K [0x00000000a0000000, 0x0000000100000000)
  region size 1024K, 11 young (11264K), 11 survivors (11264K)
 Metaspace       used 20717K, capacity 21133K, committed 21248K, reserved 1067008K
  class space    used 2611K, capacity 2754K, committed 2816K, reserved 1048576K
}
Event: 1.723 GC heap before
{Heap before GC invocations=3 (full 0):
 garbage-first heap   total 262144K, used 83933K [0x00000000a0000000, 0x0000000100000000)
  region size 1024K, 67 young (68608K), 11 survivors (11264K)
 Metaspace       used 31431K, capacity 32087K, committed 32384K, reserved 1077248K
  class space    used 3939K, capacity 4177K, committed 4224K, reserved 1048576K
}
Event: 1.728 GC heap after
{Heap after GC invocations=4 (full 0):
 garbage-first heap   total 262144K, used 30120K [0x00000000a0000000, 0x0000000100000000)
  region size 1024K, 7 young (7168K), 7 survivors (7168K)
 Metaspace       used 31431K, capacity 32087K, committed 32384K, reserved 1077248K
  class space    used 3939K, capacity 4177K, committed 4224K, reserved 1048576K
}
Event: 1.918 GC heap before
{Heap before GC invocations=4 (full 0):
 garbage-first heap   total 262144K, used 55720K [0x00000000a0000000, 0x0000000100000000)
  region size 1024K, 34 young (34816K), 7 survivors (7168K)
 Metaspace       used 35088K, capacity 35732K, committed 35840K, reserved 1081344K
  class space    used 4386K, capacity 4600K, committed 4608K, reserved 1048576K
}
Event: 1.923 GC heap after
{Heap after GC invocations=5 (full 0):
 garbage-first heap   total 262144K, used 30978K [0x00000000a0000000, 0x0000000100000000)
  region size 1024K, 7 young (7168K), 7 survivors (7168K)
 Metaspace       used 35088K, capacity 35732K, committed 35840K, reserved 1081344K
  class space    used 4386K, capacity 4600K, committed 4608K, reserved 1048576K
}
Event: 2.598 GC heap before
{Heap before GC invocations=6 (full 0):
 garbage-first heap   total 262144K, used 135426K [0x00000000a0000000, 0x0000000100000000)
  region size 1024K, 104 young (106496K), 7 survivors (7168K)
 Metaspace       used 42324K, capacity 43306K, committed 43392K, reserved 1087488K
  class space    used 5436K, capacity 5738K, committed 5760K, reserved 1048576K
}
Event: 2.603 GC heap after
{Heap after GC invocations=7 (full 0):
 garbage-first heap   total 262144K, used 45833K [0x00000000a0000000, 0x0000000100000000)
  region size 1024K, 13 young (13312K), 13 survivors (13312K)
 Metaspace       used 42324K, capacity 43306K, committed 43392K, reserved 1087488K
  class space    used 5436K, capacity 5738K, committed 5760K, reserved 1048576K
}

